<?xml version="1.0" encoding="UTF-8"?>
<testng-results ignored="0" total="1" passed="1" failed="0" skipped="0">
  <reporter-output>
  </reporter-output>
  <suite started-at="2024-07-11T04:03:57 EDT" name="Suite" finished-at="2024-07-11T04:05:19 EDT" duration-ms="81272">
    <groups>
    </groups>
    <test started-at="2024-07-11T04:03:57 EDT" name="Test" finished-at="2024-07-11T04:05:19 EDT" duration-ms="81272">
      <class name="Base.AtoZrecipes">
        <test-method is-config="true" signature="launch()[pri:0, instance:Base.AtoZrecipes@14cd1699]" started-at="2024-07-11T04:03:57 EDT" name="launch" finished-at="2024-07-11T04:04:53 EDT" duration-ms="55481" status="PASS">
          <reporter-output>
          </reporter-output>
        </test-method> <!-- launch -->
        <test-method signature="Scrapping()[pri:0, instance:Base.AtoZrecipes@14cd1699]" started-at="2024-07-11T04:04:53 EDT" name="Scrapping" finished-at="2024-07-11T04:05:19 EDT" duration-ms="25728" status="PASS">
          <reporter-output>
          </reporter-output>
        </test-method> <!-- Scrapping -->
      </class> <!-- Base.AtoZrecipes -->
    </test> <!-- Test -->
  </suite> <!-- Suite -->
</testng-results>
